0 info it worked if it ends with ok
1 verbose cli [ 'C:\\Program Files\\nodejs\\node.exe',
1 verbose cli   'C:\\Program Files\\nodejs\\node_modules\\npm\\bin\\npm-cli.js',
1 verbose cli   'start' ]
2 info using npm@3.10.9
3 info using node@v6.9.2
4 verbose run-script [ 'prestart', 'start', 'poststart' ]
5 info lifecycle ixd-workshop-lost-and-found@0.0.0~prestart: ixd-workshop-lost-and-found@0.0.0
6 silly lifecycle ixd-workshop-lost-and-found@0.0.0~prestart: no script for prestart, continuing
7 info lifecycle ixd-workshop-lost-and-found@0.0.0~start: ixd-workshop-lost-and-found@0.0.0
8 verbose lifecycle ixd-workshop-lost-and-found@0.0.0~start: unsafe-perm in lifecycle true
9 verbose lifecycle ixd-workshop-lost-and-found@0.0.0~start: PATH: C:\Program Files\nodejs\node_modules\npm\bin\node-gyp-bin;C:\Users\Ricky\Desktop\0xDEADBEEF\node_modules\.bin;C:\Users\Ricky\bin;C:\Program Files\Git\mingw64\bin;C:\Program Files\Git\usr\local\bin;C:\Program Files\Git\usr\bin;C:\Program Files\Git\usr\bin;C:\Program Files\Git\mingw64\bin;C:\Program Files\Git\usr\bin;C:\Users\Ricky\bin;C:\ProgramData\Oracle\Java\javapath;C:\Program Files (x86)\Intel\iCLS Client;C:\Program Files\Intel\iCLS Client;C:\WINDOWS\system32;C:\WINDOWS;C:\WINDOWS\System32\Wbem;C:\WINDOWS\System32\WindowsPowerShell\v1.0;C:\Program Files (x86)\Intel\Intel(R) Management Engine Components\DAL;C:\Program Files\Intel\Intel(R) Management Engine Components\DAL;C:\Program Files (x86)\Intel\Intel(R) Management Engine Components\IPT;C:\Program Files\Intel\Intel(R) Management Engine Components\IPT;C:\Program Files\Git\cmd;C:\Program Files\MATLAB\R2016b\runtime\win64;C:\Program Files\MATLAB\R2016b\bin;C:\Program Files\nodejs;C:\Program Files (x86)\Heroku\bin;C:\Program Files (x86)\git\cmd;C:\Program Files (x86)\Git\cmd;C:\Program Files (x86)\QuickTime\QTSystem;C:\Program Files\Intel\WiFi\bin;C:\Program Files\Common Files\Intel\WirelessCommon;C:\Program Files\PuTTY;C:\Program Files (x86)\Skype\Phone;C:\Users\Ricky\AppData\Local\Programs\Python\Python35-32\Scripts;C:\Users\Ricky\AppData\Local\Programs\Python\Python35-32;C:\Users\Ricky\AppData\Local\Microsoft\WindowsApps;C:\Users\Ricky\AppData\Roaming\npm;C:\Program Files\MongoDB\Server\3.4\bin;C:\Program Files\Git\usr\bin\vendor_perl;C:\Program Files\Git\usr\bin\core_perl
10 verbose lifecycle ixd-workshop-lost-and-found@0.0.0~start: CWD: C:\Users\Ricky\Desktop\0xDEADBEEF
11 silly lifecycle ixd-workshop-lost-and-found@0.0.0~start: Args: [ '/d /s /c', 'node node_modules/keeling-js/entry.js' ]
12 silly lifecycle ixd-workshop-lost-and-found@0.0.0~start: Returned: code: 1  signal: null
13 info lifecycle ixd-workshop-lost-and-found@0.0.0~start: Failed to exec start script
14 verbose stack Error: ixd-workshop-lost-and-found@0.0.0 start: `node node_modules/keeling-js/entry.js`
14 verbose stack Exit status 1
14 verbose stack     at EventEmitter.<anonymous> (C:\Program Files\nodejs\node_modules\npm\lib\utils\lifecycle.js:255:16)
14 verbose stack     at emitTwo (events.js:106:13)
14 verbose stack     at EventEmitter.emit (events.js:191:7)
14 verbose stack     at ChildProcess.<anonymous> (C:\Program Files\nodejs\node_modules\npm\lib\utils\spawn.js:40:14)
14 verbose stack     at emitTwo (events.js:106:13)
14 verbose stack     at ChildProcess.emit (events.js:191:7)
14 verbose stack     at maybeClose (internal/child_process.js:877:16)
14 verbose stack     at Process.ChildProcess._handle.onexit (internal/child_process.js:226:5)
15 verbose pkgid ixd-workshop-lost-and-found@0.0.0
16 verbose cwd C:\Users\Ricky\Desktop\0xDEADBEEF
17 error Windows_NT 10.0.14393
18 error argv "C:\\Program Files\\nodejs\\node.exe" "C:\\Program Files\\nodejs\\node_modules\\npm\\bin\\npm-cli.js" "start"
19 error node v6.9.2
20 error npm  v3.10.9
21 error code ELIFECYCLE
22 error ixd-workshop-lost-and-found@0.0.0 start: `node node_modules/keeling-js/entry.js`
22 error Exit status 1
23 error Failed at the ixd-workshop-lost-and-found@0.0.0 start script 'node node_modules/keeling-js/entry.js'.
23 error Make sure you have the latest version of node.js and npm installed.
23 error If you do, this is most likely a problem with the ixd-workshop-lost-and-found package,
23 error not with npm itself.
23 error Tell the author that this fails on your system:
23 error     node node_modules/keeling-js/entry.js
23 error You can get information on how to open an issue for this project with:
23 error     npm bugs ixd-workshop-lost-and-found
23 error Or if that isn't available, you can get their info via:
23 error     npm owner ls ixd-workshop-lost-and-found
23 error There is likely additional logging output above.
24 verbose exit [ 1, true ]
